<?xml version="1.0" encoding="UTF-8"?>
<coverage generated="1700620710623" clover="3.2.0">
  <project timestamp="1700620710624" name="All files">
    <metrics statements="13" coveredstatements="13" conditionals="16" coveredconditionals="16" methods="4" coveredmethods="4" elements="33" coveredelements="33" complexity="0" loc="13" ncloc="13" packages="1" files="1" classes="1"/>
    <file name="calc.js" path="C:\Users\camil\things\certifiedTechDeveloper\PO\jest\calc.js">
      <metrics statements="13" coveredstatements="13" conditionals="16" coveredconditionals="16" methods="4" coveredmethods="4"/>
      <line num="2" count="2" type="cond" truecount="4" falsecount="0"/>
      <line num="3" count="1" type="stmt"/>
      <line num="5" count="1" type="stmt"/>
      <line num="10" count="2" type="cond" truecount="4" falsecount="0"/>
      <line num="11" count="1" type="stmt"/>
      <line num="13" count="1" type="stmt"/>
      <line num="18" count="2" type="cond" truecount="4" falsecount="0"/>
      <line num="19" count="1" type="stmt"/>
      <line num="21" count="1" type="stmt"/>
      <line num="26" count="2" type="cond" truecount="4" falsecount="0"/>
      <line num="27" count="1" type="stmt"/>
      <line num="29" count="1" type="stmt"/>
      <line num="33" count="1" type="stmt"/>
    </file>
  </project>
</coverage>
