TN:
SF:calc.js
FN:1,suma
FN:9,resta
FN:17,multiplicacion
FN:25,division
FNF:4
FNH:4
FNDA:2,suma
FNDA:2,resta
FNDA:2,multiplicacion
FNDA:2,division
DA:2,2
DA:3,1
DA:5,1
DA:10,2
DA:11,1
DA:13,1
DA:18,2
DA:19,1
DA:21,1
DA:26,2
DA:27,1
DA:29,1
DA:33,1
LF:13
LH:13
BRDA:2,0,0,1
BRDA:2,0,1,1
BRDA:2,1,0,2
BRDA:2,1,1,1
BRDA:10,2,0,1
BRDA:10,2,1,1
BRDA:10,3,0,2
BRDA:10,3,1,2
BRDA:18,4,0,1
BRDA:18,4,1,1
BRDA:18,5,0,2
BRDA:18,5,1,2
BRDA:26,6,0,1
BRDA:26,6,1,1
BRDA:26,7,0,2
BRDA:26,7,1,1
BRF:16
BRH:16
end_of_record
