{"C:\\Users\\camil\\things\\certifiedTechDeveloper\\PO\\jest\\calc.js": {"path":"C:\\Users\\camil\\things\\certifiedTechDeveloper\\PO\\jest\\calc.js","statementMap":{"0":{"start":{"line":2,"column":4},"end":{"line":6,"column":5}},"1":{"start":{"line":3,"column":8},"end":{"line":3,"column":21}},"2":{"start":{"line":5,"column":8},"end":{"line":5,"column":17}},"3":{"start":{"line":10,"column":4},"end":{"line":14,"column":5}},"4":{"start":{"line":11,"column":8},"end":{"line":11,"column":21}},"5":{"start":{"line":13,"column":8},"end":{"line":13,"column":17}},"6":{"start":{"line":18,"column":4},"end":{"line":22,"column":5}},"7":{"start":{"line":19,"column":8},"end":{"line":19,"column":21}},"8":{"start":{"line":21,"column":8},"end":{"line":21,"column":17}},"9":{"start":{"line":26,"column":4},"end":{"line":30,"column":5}},"10":{"start":{"line":27,"column":8},"end":{"line":27,"column":21}},"11":{"start":{"line":29,"column":8},"end":{"line":29,"column":17}},"12":{"start":{"line":33,"column":0},"end":{"line":33,"column":59}}},"fnMap":{"0":{"name":"suma","decl":{"start":{"line":1,"column":9},"end":{"line":1,"column":13}},"loc":{"start":{"line":1,"column":20},"end":{"line":7,"column":1}},"line":1},"1":{"name":"resta","decl":{"start":{"line":9,"column":9},"end":{"line":9,"column":14}},"loc":{"start":{"line":9,"column":21},"end":{"line":15,"column":1}},"line":9},"2":{"name":"multiplicacion","decl":{"start":{"line":17,"column":9},"end":{"line":17,"column":23}},"loc":{"start":{"line":17,"column":30},"end":{"line":23,"column":1}},"line":17},"3":{"name":"division","decl":{"start":{"line":25,"column":9},"end":{"line":25,"column":17}},"loc":{"start":{"line":25,"column":24},"end":{"line":31,"column":1}},"line":25}},"branchMap":{"0":{"loc":{"start":{"line":2,"column":4},"end":{"line":6,"column":5}},"type":"if","locations":[{"start":{"line":2,"column":4},"end":{"line":6,"column":5}},{"start":{"line":4,"column":11},"end":{"line":6,"column":5}}],"line":2},"1":{"loc":{"start":{"line":2,"column":8},"end":{"line":2,"column":54}},"type":"binary-expr","locations":[{"start":{"line":2,"column":8},"end":{"line":2,"column":29}},{"start":{"line":2,"column":33},"end":{"line":2,"column":54}}],"line":2},"2":{"loc":{"start":{"line":10,"column":4},"end":{"line":14,"column":5}},"type":"if","locations":[{"start":{"line":10,"column":4},"end":{"line":14,"column":5}},{"start":{"line":12,"column":11},"end":{"line":14,"column":5}}],"line":10},"3":{"loc":{"start":{"line":10,"column":8},"end":{"line":10,"column":54}},"type":"binary-expr","locations":[{"start":{"line":10,"column":8},"end":{"line":10,"column":29}},{"start":{"line":10,"column":33},"end":{"line":10,"column":54}}],"line":10},"4":{"loc":{"start":{"line":18,"column":4},"end":{"line":22,"column":5}},"type":"if","locations":[{"start":{"line":18,"column":4},"end":{"line":22,"column":5}},{"start":{"line":20,"column":11},"end":{"line":22,"column":5}}],"line":18},"5":{"loc":{"start":{"line":18,"column":8},"end":{"line":18,"column":54}},"type":"binary-expr","locations":[{"start":{"line":18,"column":8},"end":{"line":18,"column":29}},{"start":{"line":18,"column":33},"end":{"line":18,"column":54}}],"line":18},"6":{"loc":{"start":{"line":26,"column":4},"end":{"line":30,"column":5}},"type":"if","locations":[{"start":{"line":26,"column":4},"end":{"line":30,"column":5}},{"start":{"line":28,"column":11},"end":{"line":30,"column":5}}],"line":26},"7":{"loc":{"start":{"line":26,"column":8},"end":{"line":26,"column":54}},"type":"binary-expr","locations":[{"start":{"line":26,"column":8},"end":{"line":26,"column":29}},{"start":{"line":26,"column":33},"end":{"line":26,"column":54}}],"line":26}},"s":{"0":2,"1":1,"2":1,"3":2,"4":1,"5":1,"6":2,"7":1,"8":1,"9":2,"10":1,"11":1,"12":1},"f":{"0":2,"1":2,"2":2,"3":2},"b":{"0":[1,1],"1":[2,1],"2":[1,1],"3":[2,2],"4":[1,1],"5":[2,2],"6":[1,1],"7":[2,1]},"_coverageSchema":"1a1c01bbd47fc00a2c39e90264f33305004495a9","hash":"a2bc397a8c6fcdebcd94f3293a5af789c1b63562"}
}
